000 (006.000.000) 05/23 11:46:53 Job submitted from host: <146.169.53.24:9618?addrs=146.169.53.24-9618+[2a0c-5bc0-40-11c4-dd7-6912-4952-8f43]-9618&noUDP&sock=50558_79ae_3>
...
001 (006.000.000) 05/23 11:47:46 Job executing on host: <146.169.6.2:9618?addrs=146.169.6.2-9618+[2a0c-5bc0-40-1196-71c3-fd18-79d5-e13]-9618&noUDP&sock=64383_4681_4>
...
006 (006.000.000) 05/23 11:47:46 Image size of job updated: 1
	0  -  MemoryUsage of job (MB)
	0  -  ResidentSetSize of job (KB)
...
005 (006.000.000) 05/23 11:47:46 Job terminated.
	(0) Abnormal termination (signal 15)
	(0) No core file
		Usr 0 00:00:00, Sys 0 00:00:00  -  Run Remote Usage
		Usr 0 00:00:00, Sys 0 00:00:00  -  Run Local Usage
		Usr 0 00:00:00, Sys 0 00:00:00  -  Total Remote Usage
		Usr 0 00:00:00, Sys 0 00:00:00  -  Total Local Usage
	0  -  Run Bytes Sent By Job
	0  -  Run Bytes Received By Job
	0  -  Total Bytes Sent By Job
	0  -  Total Bytes Received By Job
	Partitionable Resources :    Usage  Request Allocated 
	   Cpus                 :                 1        12 
	   Disk (KB)            :        1        1  12996712 
	   Gpus                 :                           0 
	   Memory (MB)          :        0        1     15727 
...
000 (007.000.000) 05/23 11:52:42 Job submitted from host: <146.169.53.24:9618?addrs=146.169.53.24-9618+[2a0c-5bc0-40-11c4-dd7-6912-4952-8f43]-9618&noUDP&sock=50558_79ae_3>
...
001 (007.000.000) 05/23 11:52:46 Job executing on host: <146.169.26.80:9618?addrs=146.169.26.80-9618+[2a0c-5bc0-40-11a8-49cd-be0-f60e-e6f1]-9618&noUDP&sock=19117_9081_4>
...
006 (007.000.000) 05/23 11:52:46 Image size of job updated: 1
	0  -  MemoryUsage of job (MB)
	0  -  ResidentSetSize of job (KB)
...
005 (007.000.000) 05/23 11:52:46 Job terminated.
	(0) Abnormal termination (signal 15)
	(0) No core file
		Usr 0 00:00:00, Sys 0 00:00:00  -  Run Remote Usage
		Usr 0 00:00:00, Sys 0 00:00:00  -  Run Local Usage
		Usr 0 00:00:00, Sys 0 00:00:00  -  Total Remote Usage
		Usr 0 00:00:00, Sys 0 00:00:00  -  Total Local Usage
	0  -  Run Bytes Sent By Job
	0  -  Run Bytes Received By Job
	0  -  Total Bytes Sent By Job
	0  -  Total Bytes Received By Job
	Partitionable Resources :    Usage  Request Allocated Assigned
	   Cpus                 :                 1         8 
	   Disk (KB)            :        1        1  14975620 
	   Gpus                 :                           1 "CUDA0"
	   Memory (MB)          :        0        1     15856 
...
000 (008.000.000) 05/23 11:59:32 Job submitted from host: <146.169.53.24:9618?addrs=146.169.53.24-9618+[2a0c-5bc0-40-11c4-dd7-6912-4952-8f43]-9618&noUDP&sock=50558_79ae_3>
...
001 (008.000.000) 05/23 11:59:45 Job executing on host: <146.169.26.80:9618?addrs=146.169.26.80-9618+[2a0c-5bc0-40-11a8-49cd-be0-f60e-e6f1]-9618&noUDP&sock=19117_9081_4>
...
006 (008.000.000) 05/23 11:59:45 Image size of job updated: 12
	1  -  MemoryUsage of job (MB)
	12  -  ResidentSetSize of job (KB)
...
005 (008.000.000) 05/23 11:59:45 Job terminated.
	(0) Abnormal termination (signal 15)
	(0) No core file
		Usr 0 00:00:00, Sys 0 00:00:00  -  Run Remote Usage
		Usr 0 00:00:00, Sys 0 00:00:00  -  Run Local Usage
		Usr 0 00:00:00, Sys 0 00:00:00  -  Total Remote Usage
		Usr 0 00:00:00, Sys 0 00:00:00  -  Total Local Usage
	0  -  Run Bytes Sent By Job
	0  -  Run Bytes Received By Job
	0  -  Total Bytes Sent By Job
	0  -  Total Bytes Received By Job
	Partitionable Resources :    Usage  Request Allocated Assigned
	   Cpus                 :                 1         8 
	   Disk (KB)            :        1        1  14975620 
	   Gpus                 :                           1 "CUDA0"
	   Memory (MB)          :        1        1     15856 
...
000 (009.000.000) 05/23 12:17:36 Job submitted from host: <146.169.53.24:9618?addrs=146.169.53.24-9618+[2a0c-5bc0-40-11c4-dd7-6912-4952-8f43]-9618&noUDP&sock=50558_79ae_3>
...
001 (009.000.000) 05/23 12:17:46 Job executing on host: <146.169.6.2:9618?addrs=146.169.6.2-9618+[2a0c-5bc0-40-1196-71c3-fd18-79d5-e13]-9618&noUDP&sock=64383_4681_4>
...
006 (009.000.000) 05/23 12:17:46 Image size of job updated: 1
	0  -  MemoryUsage of job (MB)
	0  -  ResidentSetSize of job (KB)
...
005 (009.000.000) 05/23 12:17:46 Job terminated.
	(0) Abnormal termination (signal 15)
	(0) No core file
		Usr 0 00:00:00, Sys 0 00:00:00  -  Run Remote Usage
		Usr 0 00:00:00, Sys 0 00:00:00  -  Run Local Usage
		Usr 0 00:00:00, Sys 0 00:00:00  -  Total Remote Usage
		Usr 0 00:00:00, Sys 0 00:00:00  -  Total Local Usage
	0  -  Run Bytes Sent By Job
	0  -  Run Bytes Received By Job
	0  -  Total Bytes Sent By Job
	0  -  Total Bytes Received By Job
	Partitionable Resources :    Usage  Request Allocated 
	   Cpus                 :                 1        12 
	   Disk (KB)            :        1        1  12996712 
	   Gpus                 :                           0 
	   Memory (MB)          :        0        1     15727 
...
000 (010.000.000) 05/23 12:19:27 Job submitted from host: <146.169.53.24:9618?addrs=146.169.53.24-9618+[2a0c-5bc0-40-11c4-dd7-6912-4952-8f43]-9618&noUDP&sock=50558_79ae_3>
...
001 (010.000.000) 05/23 12:19:46 Job executing on host: <146.169.26.80:9618?addrs=146.169.26.80-9618+[2a0c-5bc0-40-11a8-49cd-be0-f60e-e6f1]-9618&noUDP&sock=19117_9081_4>
...
006 (010.000.000) 05/23 12:19:46 Image size of job updated: 1
	0  -  MemoryUsage of job (MB)
	0  -  ResidentSetSize of job (KB)
...
005 (010.000.000) 05/23 12:19:46 Job terminated.
	(0) Abnormal termination (signal 15)
	(0) No core file
		Usr 0 00:00:00, Sys 0 00:00:00  -  Run Remote Usage
		Usr 0 00:00:00, Sys 0 00:00:00  -  Run Local Usage
		Usr 0 00:00:00, Sys 0 00:00:00  -  Total Remote Usage
		Usr 0 00:00:00, Sys 0 00:00:00  -  Total Local Usage
	0  -  Run Bytes Sent By Job
	0  -  Run Bytes Received By Job
	0  -  Total Bytes Sent By Job
	0  -  Total Bytes Received By Job
	Partitionable Resources :    Usage  Request Allocated Assigned
	   Cpus                 :                 1         8 
	   Disk (KB)            :        1        1  14975620 
	   Gpus                 :                           1 "CUDA0"
	   Memory (MB)          :        0        1     15856 
...
000 (011.000.000) 05/23 12:21:01 Job submitted from host: <146.169.53.24:9618?addrs=146.169.53.24-9618+[2a0c-5bc0-40-11c4-dd7-6912-4952-8f43]-9618&noUDP&sock=50558_79ae_3>
...
001 (011.000.000) 05/23 12:21:46 Job executing on host: <146.169.26.80:9618?addrs=146.169.26.80-9618+[2a0c-5bc0-40-11a8-49cd-be0-f60e-e6f1]-9618&noUDP&sock=19117_9081_4>
...
006 (011.000.000) 05/23 12:21:46 Image size of job updated: 1
	0  -  MemoryUsage of job (MB)
	0  -  ResidentSetSize of job (KB)
...
005 (011.000.000) 05/23 12:21:46 Job terminated.
	(0) Abnormal termination (signal 15)
	(0) No core file
		Usr 0 00:00:00, Sys 0 00:00:00  -  Run Remote Usage
		Usr 0 00:00:00, Sys 0 00:00:00  -  Run Local Usage
		Usr 0 00:00:00, Sys 0 00:00:00  -  Total Remote Usage
		Usr 0 00:00:00, Sys 0 00:00:00  -  Total Local Usage
	0  -  Run Bytes Sent By Job
	0  -  Run Bytes Received By Job
	0  -  Total Bytes Sent By Job
	0  -  Total Bytes Received By Job
	Partitionable Resources :    Usage  Request Allocated Assigned
	   Cpus                 :                 1         8 
	   Disk (KB)            :        1        1  14975620 
	   Gpus                 :                           1 "CUDA0"
	   Memory (MB)          :        0        1     15856 
...
000 (012.000.000) 05/23 12:22:20 Job submitted from host: <146.169.53.24:9618?addrs=146.169.53.24-9618+[2a0c-5bc0-40-11c4-dd7-6912-4952-8f43]-9618&noUDP&sock=50558_79ae_3>
...
000 (013.000.000) 05/23 12:25:30 Job submitted from host: <146.169.53.24:9618?addrs=146.169.53.24-9618+[2a0c-5bc0-40-11c4-dd7-6912-4952-8f43]-9618&noUDP&sock=50558_79ae_3>
...
000 (014.000.000) 05/23 12:52:00 Job submitted from host: <146.169.53.24:9618?addrs=146.169.53.24-9618+[2a0c-5bc0-40-11c4-dd7-6912-4952-8f43]-9618&noUDP&sock=50558_79ae_3>
...
001 (014.000.000) 05/23 12:52:46 Job executing on host: <146.169.6.2:9618?addrs=146.169.6.2-9618+[2a0c-5bc0-40-1196-71c3-fd18-79d5-e13]-9618&noUDP&sock=64383_4681_4>
...
006 (014.000.000) 05/23 12:52:46 Image size of job updated: 1
	0  -  MemoryUsage of job (MB)
	0  -  ResidentSetSize of job (KB)
...
005 (014.000.000) 05/23 12:52:46 Job terminated.
	(1) Normal termination (return value 1)
		Usr 0 00:00:00, Sys 0 00:00:00  -  Run Remote Usage
		Usr 0 00:00:00, Sys 0 00:00:00  -  Run Local Usage
		Usr 0 00:00:00, Sys 0 00:00:00  -  Total Remote Usage
		Usr 0 00:00:00, Sys 0 00:00:00  -  Total Local Usage
	0  -  Run Bytes Sent By Job
	0  -  Run Bytes Received By Job
	0  -  Total Bytes Sent By Job
	0  -  Total Bytes Received By Job
	Partitionable Resources :    Usage  Request Allocated 
	   Cpus                 :                 1        12 
	   Disk (KB)            :        1        1  12996712 
	   Gpus                 :                           0 
	   Memory (MB)          :        0        1     15727 
...
000 (015.000.000) 05/23 13:00:37 Job submitted from host: <146.169.53.24:9618?addrs=146.169.53.24-9618+[2a0c-5bc0-40-11c4-dd7-6912-4952-8f43]-9618&noUDP&sock=50558_79ae_3>
...
001 (015.000.000) 05/23 13:00:46 Job executing on host: <146.169.53.55:9618?addrs=146.169.53.55-9618+[2a0c-5bc0-40-11c4-e110-b294-de82-e53f]-9618&noUDP&sock=50667_3d81_4>
...
006 (015.000.000) 05/23 13:00:46 Image size of job updated: 1
	0  -  MemoryUsage of job (MB)
	0  -  ResidentSetSize of job (KB)
...
005 (015.000.000) 05/23 13:00:46 Job terminated.
	(1) Normal termination (return value 1)
		Usr 0 00:00:00, Sys 0 00:00:00  -  Run Remote Usage
		Usr 0 00:00:00, Sys 0 00:00:00  -  Run Local Usage
		Usr 0 00:00:00, Sys 0 00:00:00  -  Total Remote Usage
		Usr 0 00:00:00, Sys 0 00:00:00  -  Total Local Usage
	0  -  Run Bytes Sent By Job
	0  -  Run Bytes Received By Job
	0  -  Total Bytes Sent By Job
	0  -  Total Bytes Received By Job
	Partitionable Resources :    Usage  Request Allocated Assigned
	   Cpus                 :                 1        12 
	   Disk (KB)            :        1        1  22162944 
	   Gpus                 :                           1 "CUDA0"
	   Memory (MB)          :        0        1     15732 
...
000 (016.000.000) 05/23 13:08:38 Job submitted from host: <146.169.53.24:9618?addrs=146.169.53.24-9618+[2a0c-5bc0-40-11c4-dd7-6912-4952-8f43]-9618&noUDP&sock=50558_79ae_3>
...
001 (016.000.000) 05/23 13:08:47 Job executing on host: <146.169.6.2:9618?addrs=146.169.6.2-9618+[2a0c-5bc0-40-1196-71c3-fd18-79d5-e13]-9618&noUDP&sock=64383_4681_4>
...
006 (016.000.000) 05/23 13:08:47 Image size of job updated: 1
	0  -  MemoryUsage of job (MB)
	0  -  ResidentSetSize of job (KB)
...
005 (016.000.000) 05/23 13:08:47 Job terminated.
	(1) Normal termination (return value 1)
		Usr 0 00:00:00, Sys 0 00:00:00  -  Run Remote Usage
		Usr 0 00:00:00, Sys 0 00:00:00  -  Run Local Usage
		Usr 0 00:00:00, Sys 0 00:00:00  -  Total Remote Usage
		Usr 0 00:00:00, Sys 0 00:00:00  -  Total Local Usage
	0  -  Run Bytes Sent By Job
	0  -  Run Bytes Received By Job
	0  -  Total Bytes Sent By Job
	0  -  Total Bytes Received By Job
	Partitionable Resources :    Usage  Request Allocated 
	   Cpus                 :                 1        12 
	   Disk (KB)            :        1        1  12996712 
	   Gpus                 :                           0 
	   Memory (MB)          :        0        1     15727 
...
000 (017.000.000) 05/23 13:11:21 Job submitted from host: <146.169.53.24:9618?addrs=146.169.53.24-9618+[2a0c-5bc0-40-11c4-dd7-6912-4952-8f43]-9618&noUDP&sock=50558_79ae_3>
...
001 (017.000.000) 05/23 13:11:46 Job executing on host: <146.169.6.2:9618?addrs=146.169.6.2-9618+[2a0c-5bc0-40-1196-71c3-fd18-79d5-e13]-9618&noUDP&sock=64383_4681_4>
...
006 (017.000.000) 05/23 13:11:46 Image size of job updated: 1
	0  -  MemoryUsage of job (MB)
	0  -  ResidentSetSize of job (KB)
...
005 (017.000.000) 05/23 13:11:47 Job terminated.
	(1) Normal termination (return value 1)
		Usr 0 00:00:00, Sys 0 00:00:00  -  Run Remote Usage
		Usr 0 00:00:00, Sys 0 00:00:00  -  Run Local Usage
		Usr 0 00:00:00, Sys 0 00:00:00  -  Total Remote Usage
		Usr 0 00:00:00, Sys 0 00:00:00  -  Total Local Usage
	0  -  Run Bytes Sent By Job
	0  -  Run Bytes Received By Job
	0  -  Total Bytes Sent By Job
	0  -  Total Bytes Received By Job
	Partitionable Resources :    Usage  Request Allocated 
	   Cpus                 :                 1        12 
	   Disk (KB)            :        1        1  12996712 
	   Gpus                 :                           0 
	   Memory (MB)          :        0        1     15727 
...
009 (012.000.000) 05/23 13:12:03 Job was aborted by the user.
	via condor_rm (by user vs221)
...
009 (013.000.000) 05/23 13:12:08 Job was aborted by the user.
	via condor_rm (by user vs221)
...
000 (018.000.000) 05/23 13:18:12 Job submitted from host: <146.169.53.24:9618?addrs=146.169.53.24-9618+[2a0c-5bc0-40-11c4-dd7-6912-4952-8f43]-9618&noUDP&sock=50558_79ae_3>
...
001 (018.000.000) 05/23 13:18:47 Job executing on host: <146.169.6.2:9618?addrs=146.169.6.2-9618+[2a0c-5bc0-40-1196-71c3-fd18-79d5-e13]-9618&noUDP&sock=64383_4681_4>
...
006 (018.000.000) 05/23 13:18:47 Image size of job updated: 1
	0  -  MemoryUsage of job (MB)
	0  -  ResidentSetSize of job (KB)
...
005 (018.000.000) 05/23 13:18:47 Job terminated.
	(1) Normal termination (return value 1)
		Usr 0 00:00:00, Sys 0 00:00:00  -  Run Remote Usage
		Usr 0 00:00:00, Sys 0 00:00:00  -  Run Local Usage
		Usr 0 00:00:00, Sys 0 00:00:00  -  Total Remote Usage
		Usr 0 00:00:00, Sys 0 00:00:00  -  Total Local Usage
	0  -  Run Bytes Sent By Job
	0  -  Run Bytes Received By Job
	0  -  Total Bytes Sent By Job
	0  -  Total Bytes Received By Job
	Partitionable Resources :    Usage  Request Allocated 
	   Cpus                 :                 1        12 
	   Disk (KB)            :        1        1  12996712 
	   Gpus                 :                           0 
	   Memory (MB)          :        0        1     15727 
...
009 (012.000.000) 05/23 14:35:15 Job was aborted by the user.
	via condor_rm (by user condor)
...
009 (015.000.000) 05/23 14:35:17 Job was aborted by the user.
	via condor_rm (by user condor)
...
